<?xml version="1.0" encoding="UTF-8"?>
<!-- Generated by org.testng.reporters.JUnitXMLReporter -->
<testsuite hostname="inmarimutm" name="EndToEnd2" tests="1" failures="1" timestamp="4 Mar 2014 17:53:42 GMT" time="55.614" errors="0">
  <testcase name="shouldAbleToCreateOrder" time="20.66" classname="test.OrderFormTest">
    <failure type="org.openqa.selenium.TimeoutException" message="Timed out after 20 seconds waiting for visibility of [[ChromeDriver: chrome on XP (e630f050b47323b7c0fa862932aa6f16)] -&amp;gt; id: loginPassword]
Build info: version: &amp;apos;2.35.0&amp;apos;, revision: &amp;apos;c916b9d&amp;apos;, time: &amp;apos;2013-08-12 15:42:01&amp;apos;
System info: os.name: &amp;apos;Windows 7&amp;apos;, os.arch: &amp;apos;amd64&amp;apos;, os.version: &amp;apos;6.1&amp;apos;, java.version: &amp;apos;1.7.0_06&amp;apos;
Driver info: driver.version: unknown">
      <![CDATA[org.openqa.selenium.TimeoutException: Timed out after 20 seconds waiting for visibility of [[ChromeDriver: chrome on XP (e630f050b47323b7c0fa862932aa6f16)] -> id: loginPassword]
Build info: version: '2.35.0', revision: 'c916b9d', time: '2013-08-12 15:42:01'
System info: os.name: 'Windows 7', os.arch: 'amd64', os.version: '6.1', java.version: '1.7.0_06'
Driver info: driver.version: unknown
	at org.openqa.selenium.support.ui.FluentWait.timeoutException(FluentWait.java:259)
	at org.openqa.selenium.support.ui.FluentWait.until(FluentWait.java:228)
	at common.BasePage.WaitForElement(BasePage.java:33)
	at page.LoginRegisterPage.login(LoginRegisterPage.java:40)
	at test.OrderFormTest.shouldAbleToCreateOrder(OrderFormTest.java:12)
	at java.util.concurrent.FutureTask$Sync.innerRun(FutureTask.java:334)
	at java.util.concurrent.FutureTask.run(FutureTask.java:166)
	at java.util.concurrent.ThreadPoolExecutor.runWorker(ThreadPoolExecutor.java:1110)
	at java.util.concurrent.ThreadPoolExecutor$Worker.run(ThreadPoolExecutor.java:603)
	at java.lang.Thread.run(Thread.java:722)
... Removed 16 stack frames]]>
    </failure>
  </testcase> <!-- shouldAbleToCreateOrder -->
</testsuite> <!-- EndToEnd2 -->
